app/build/outputs/logs/manifest-merger-debug-report.txt
-- Merging decision tree log ---
manifest
ADDED from AndroidManifest.xml:20:1
	package
		ADDED from AndroidManifest.xml:22:5
		INJECTED from AndroidManifest.xml:0:0
		INJECTED from AndroidManifest.xml:0:0
	xmlns:android
		ADDED from AndroidManifest.xml:21:5
original-package
ADDED from AndroidManifest.xml:24:5
	android:name
		ADDED from AndroidManifest.xml:24:23
permission#com.android.launcher.permission.PRELOAD_WORKSPACE
ADDED from AndroidManifest.xml:26:5
	android:protectionLevel
		ADDED from AndroidManifest.xml:29:9
	android:permissionGroup
		ADDED from AndroidManifest.xml:28:9
	android:name
		ADDED from AndroidManifest.xml:27:9
permission#com.android.launcher.permission.INSTALL_SHORTCUT
ADDED from AndroidManifest.xml:30:5
	android:label
		ADDED from AndroidManifest.xml:34:9
	android:protectionLevel
		ADDED from AndroidManifest.xml:33:9
	android:permissionGroup
		ADDED from AndroidManifest.xml:32:9
	android:description
		ADDED from AndroidManifest.xml:35:9
	android:name
		ADDED from AndroidManifest.xml:31:9
permission#com.android.launcher.permission.UNINSTALL_SHORTCUT
ADDED from AndroidManifest.xml:36:5
	android:label
		ADDED from AndroidManifest.xml:40:9
	android:protectionLevel
		ADDED from AndroidManifest.xml:39:9
	android:permissionGroup
		ADDED from AndroidManifest.xml:38:9
	android:description
		ADDED from AndroidManifest.xml:41:9
	android:name
		ADDED from AndroidManifest.xml:37:9
permission#com.android.launcher.permission.READ_SETTINGS
ADDED from AndroidManifest.xml:42:5
	android:label
		ADDED from AndroidManifest.xml:46:9
	android:protectionLevel
		ADDED from AndroidManifest.xml:45:9
	android:permissionGroup
		ADDED from AndroidManifest.xml:44:9
	android:description
		ADDED from AndroidManifest.xml:47:9
	android:name
		ADDED from AndroidManifest.xml:43:9
permission#com.android.launcher.permission.WRITE_SETTINGS
ADDED from AndroidManifest.xml:48:5
	android:label
		ADDED from AndroidManifest.xml:52:9
	android:protectionLevel
		ADDED from AndroidManifest.xml:51:9
	android:permissionGroup
		ADDED from AndroidManifest.xml:50:9
	android:description
		ADDED from AndroidManifest.xml:53:9
	android:name
		ADDED from AndroidManifest.xml:49:9
uses-permission#android.permission.CALL_PHONE
ADDED from AndroidManifest.xml:55:5
	android:name
		ADDED from AndroidManifest.xml:55:22
uses-permission#android.permission.SET_WALLPAPER
ADDED from AndroidManifest.xml:56:5
	android:name
		ADDED from AndroidManifest.xml:56:22
uses-permission#android.permission.SET_WALLPAPER_HINTS
ADDED from AndroidManifest.xml:57:5
	android:name
		ADDED from AndroidManifest.xml:57:22
uses-permission#android.permission.VIBRATE
ADDED from AndroidManifest.xml:58:5
	android:name
		ADDED from AndroidManifest.xml:58:22
uses-permission#android.permission.BIND_APPWIDGET
ADDED from AndroidManifest.xml:59:5
	android:name
		ADDED from AndroidManifest.xml:59:22
uses-permission#android.permission.GET_ACCOUNTS
ADDED from AndroidManifest.xml:60:5
	android:name
		ADDED from AndroidManifest.xml:60:22
uses-permission#com.android.launcher.permission.READ_SETTINGS
ADDED from AndroidManifest.xml:61:5
	android:name
		ADDED from AndroidManifest.xml:61:22
uses-permission#com.android.launcher.permission.WRITE_SETTINGS
ADDED from AndroidManifest.xml:62:5
	android:name
		ADDED from AndroidManifest.xml:62:22
supports-screens
ADDED from AndroidManifest.xml:64:5
	android:largeScreens
		ADDED from AndroidManifest.xml:67:9
	android:smallScreens
		ADDED from AndroidManifest.xml:65:9
	android:normalScreens
		ADDED from AndroidManifest.xml:66:9
	android:anyDensity
		ADDED from AndroidManifest.xml:68:9
application
ADDED from AndroidManifest.xml:72:5
	android:label
		ADDED from AndroidManifest.xml:74:9
	android:supportsRtl
		ADDED from AndroidManifest.xml:78:9
	android:hardwareAccelerated
		ADDED from AndroidManifest.xml:76:9
	android:icon
		ADDED from AndroidManifest.xml:75:9
	android:largeHeap
		ADDED from AndroidManifest.xml:77:9
	android:name
		ADDED from AndroidManifest.xml:73:9
activity#com.android.launcher2.Launcher
ADDED from AndroidManifest.xml:79:9
	android:clearTaskOnLaunch
		ADDED from AndroidManifest.xml:82:13
	android:screenOrientation
		ADDED from AndroidManifest.xml:87:13
	android:stateNotNeeded
		ADDED from AndroidManifest.xml:83:13
	android:launchMode
		ADDED from AndroidManifest.xml:81:13
	android:windowSoftInputMode
		ADDED from AndroidManifest.xml:86:13
	android:resumeWhilePausing
		ADDED from AndroidManifest.xml:84:13
	android:theme
		ADDED from AndroidManifest.xml:85:13
	android:name
		ADDED from AndroidManifest.xml:80:13
intent-filter#android.intent.action.MAIN+android.intent.category.DEFAULT+android.intent.category.HOME+android.intent.category.MONKEY
ADDED from AndroidManifest.xml:88:13
action#android.intent.action.MAIN
ADDED from AndroidManifest.xml:89:17
	android:name
		ADDED from AndroidManifest.xml:89:25
category#android.intent.category.HOME
ADDED from AndroidManifest.xml:90:17
	android:name
		ADDED from AndroidManifest.xml:90:27
category#android.intent.category.DEFAULT
ADDED from AndroidManifest.xml:91:17
	android:name
		ADDED from AndroidManifest.xml:91:27
category#android.intent.category.MONKEY
ADDED from AndroidManifest.xml:92:17
	android:name
		ADDED from AndroidManifest.xml:92:27
activity#com.android.launcher2.WallpaperChooser
ADDED from AndroidManifest.xml:96:9
	android:finishOnCloseSystemDialogs
		ADDED from AndroidManifest.xml:101:13
	android:process
		ADDED from AndroidManifest.xml:102:13
	android:label
		ADDED from AndroidManifest.xml:99:13
	android:icon
		ADDED from AndroidManifest.xml:100:13
	android:theme
		ADDED from AndroidManifest.xml:98:13
	android:name
		ADDED from AndroidManifest.xml:97:13
intent-filter#android.intent.action.SET_WALLPAPER+android.intent.category.DEFAULT
ADDED from AndroidManifest.xml:103:13
action#android.intent.action.SET_WALLPAPER
ADDED from AndroidManifest.xml:104:17
	android:name
		ADDED from AndroidManifest.xml:104:25
meta-data#android.wallpaper.preview
ADDED from AndroidManifest.xml:107:13
	android:resource
		ADDED from AndroidManifest.xml:108:17
	android:name
		ADDED from AndroidManifest.xml:107:24
receiver#com.android.launcher2.PreloadReceiver
ADDED from AndroidManifest.xml:112:9
	android:permission
		ADDED from AndroidManifest.xml:114:13
	android:name
		ADDED from AndroidManifest.xml:113:13
intent-filter#com.android.launcher.action.PRELOAD_WORKSPACE
ADDED from AndroidManifest.xml:115:13
action#com.android.launcher.action.PRELOAD_WORKSPACE
ADDED from AndroidManifest.xml:116:17
	android:name
		ADDED from AndroidManifest.xml:116:25
receiver#com.android.launcher2.InstallShortcutReceiver
ADDED from AndroidManifest.xml:121:9
	android:permission
		ADDED from AndroidManifest.xml:123:13
	android:name
		ADDED from AndroidManifest.xml:122:13
intent-filter#com.android.launcher.action.INSTALL_SHORTCUT
ADDED from AndroidManifest.xml:124:13
action#com.android.launcher.action.INSTALL_SHORTCUT
ADDED from AndroidManifest.xml:125:17
	android:name
		ADDED from AndroidManifest.xml:125:25
receiver#com.android.launcher2.UninstallShortcutReceiver
ADDED from AndroidManifest.xml:130:9
	android:permission
		ADDED from AndroidManifest.xml:132:13
	android:name
		ADDED from AndroidManifest.xml:131:13
intent-filter#com.android.launcher.action.UNINSTALL_SHORTCUT
ADDED from AndroidManifest.xml:133:13
action#com.android.launcher.action.UNINSTALL_SHORTCUT
ADDED from AndroidManifest.xml:134:17
	android:name
		ADDED from AndroidManifest.xml:134:25
receiver#com.android.launcher2.UserInitializeReceiver
ADDED from AndroidManifest.xml:139:9
	android:exported
		ADDED from AndroidManifest.xml:141:13
	android:name
		ADDED from AndroidManifest.xml:140:13
intent-filter#android.intent.action.USER_INITIALIZE
ADDED from AndroidManifest.xml:142:13
action#android.intent.action.USER_INITIALIZE
ADDED from AndroidManifest.xml:143:17
	android:name
		ADDED from AndroidManifest.xml:143:25
receiver#com.android.launcher2.PackageChangedReceiver
ADDED from AndroidManifest.xml:147:9
	android:name
		ADDED from AndroidManifest.xml:147:19
intent-filter#android.intent.action.PACKAGE_CHANGED+android.intent.action.PACKAGE_REMOVED+android.intent.action.PACKAGE_REPLACED
ADDED from AndroidManifest.xml:148:13
action#android.intent.action.PACKAGE_CHANGED
ADDED from AndroidManifest.xml:149:17
	android:name
		ADDED from AndroidManifest.xml:149:25
action#android.intent.action.PACKAGE_REPLACED
ADDED from AndroidManifest.xml:150:17
	android:name
		ADDED from AndroidManifest.xml:150:25
action#android.intent.action.PACKAGE_REMOVED
ADDED from AndroidManifest.xml:151:17
	android:name
		ADDED from AndroidManifest.xml:151:25
data
ADDED from AndroidManifest.xml:152:17
	android:scheme
		ADDED from AndroidManifest.xml:152:23
provider#com.android.launcher2.LauncherProvider
ADDED from AndroidManifest.xml:157:9
	android:readPermission
		ADDED from AndroidManifest.xml:162:13
	android:authorities
		ADDED from AndroidManifest.xml:159:13
	android:exported
		ADDED from AndroidManifest.xml:160:13
	android:name
		ADDED from AndroidManifest.xml:158:13
	android:writePermission
		ADDED from AndroidManifest.xml:161:13
meta-data#android.nfc.disable_beam_default
ADDED from AndroidManifest.xml:164:9
	android:value
		ADDED from AndroidManifest.xml:165:24
	android:name
		ADDED from AndroidManifest.xml:164:20